\BOOKMARK [1][-]{section.1}{Course Content}{}% 1
\BOOKMARK [1][-]{section.2}{The Role of Algorithms}{}% 2
\BOOKMARK [2][-]{subsection.2.1}{Learning goals part 1}{section.2}% 3
\BOOKMARK [1][-]{section.3}{Getting Started}{}% 4
\BOOKMARK [1][-]{section.4}{Growth of Functions}{}% 5
\BOOKMARK [2][-]{subsection.4.1}{}{section.4}% 6
\BOOKMARK [1][-]{section.5}{Divide-and-Conquer}{}% 7
\BOOKMARK [2][-]{subsection.5.1}{What is Divide and Conquer}{section.5}% 8
\BOOKMARK [2][-]{subsection.5.2}{Reccurence methods}{section.5}% 9
\BOOKMARK [3][-]{subsubsection.5.2.1}{Substitution}{subsection.5.2}% 10
\BOOKMARK [3][-]{subsubsection.5.2.2}{Recursion-tree method}{subsection.5.2}% 11
\BOOKMARK [3][-]{subsubsection.5.2.3}{Master's Method}{subsection.5.2}% 12
\BOOKMARK [2][-]{subsection.5.3}{Insertion Sort}{section.5}% 13
\BOOKMARK [1][-]{section.6}{Dynamic Programming}{}% 14
\BOOKMARK [2][-]{subsection.6.1}{0/1 Knapsack Problem}{section.6}% 15
\BOOKMARK [2][-]{subsection.6.2}{Rod cutting}{section.6}% 16
\BOOKMARK [1][-]{section.7}{Greedy Programming}{}% 17
\BOOKMARK [2][-]{subsection.7.1}{Activity Selection}{section.7}% 18
\BOOKMARK [2][-]{subsection.7.2}{Huffman Coding Algorithm}{section.7}% 19
\BOOKMARK [1][-]{section.8}{Graphs}{}% 20
\BOOKMARK [2][-]{subsection.8.1}{Binary search trees}{section.8}% 21
\BOOKMARK [2][-]{subsection.8.2}{Heaps}{section.8}% 22
\BOOKMARK [0][-]{part.1}{I Graph Traversal}{}% 23
\BOOKMARK [1][-]{section.9}{General Graph Traversal}{part.1}% 24
\BOOKMARK [2][-]{subsection.9.1}{Breadth First Search \(BFS\)}{section.9}% 25
\BOOKMARK [2][-]{subsection.9.2}{Depth First Search \(DFS\)}{section.9}% 26
\BOOKMARK [2][-]{subsection.9.3}{Topological sorting}{section.9}% 27
\BOOKMARK [1][-]{section.10}{Minimal Spanning Trees}{part.1}% 28
\BOOKMARK [2][-]{subsection.10.1}{Kruskal}{section.10}% 29
\BOOKMARK [2][-]{subsection.10.2}{Prim's Algorithm}{section.10}% 30
\BOOKMARK [1][-]{section.11}{Shortest Path Algorithms}{part.1}% 31
\BOOKMARK [2][-]{subsection.11.1}{Single Source Shortest Path \(SSSP\)}{section.11}% 32
\BOOKMARK [3][-]{subsubsection.11.1.1}{Bellman Ford}{subsection.11.1}% 33
\BOOKMARK [2][-]{subsection.11.2}{Dijkstra}{section.11}% 34
\BOOKMARK [2][-]{subsection.11.3}{DAG-Shortest-Path}{section.11}% 35
